<?xml version="1.0" encoding="UTF-8"?>
<!-- Generated by org.testng.reporters.JUnitXMLReporter -->
<testsuite hostname="CATO5CG8324RDL" ignored="0" name="Validating User login" tests="7" failures="0" timestamp="08 Oct 2018 21:25:01 GMT" time="14.473" errors="0">
  <testcase name="basePageNavigation" time="3.249" classname="workMarket.HomePage"/>
  <testcase name="basePageNavigation" time="1.553" classname="workMarket.HomePage"/>
  <testcase name="basePageNavigation" time="1.068" classname="workMarket.HomePage"/>
  <testcase name="basePageNavigation" time="1.202" classname="workMarket.HomePage"/>
  <testcase name="basePageNavigation" time="0.975" classname="workMarket.HomePage"/>
  <testcase name="basePageNavigation" time="1.0" classname="workMarket.HomePage"/>
  <testcase name="basePageNavigation" time="1.419" classname="workMarket.HomePage"/>
</testsuite> <!-- Validating User login -->
