<?xml version="1.0" encoding="UTF-8"?>
<testng-results skipped="0" failed="0" ignored="0" total="1" passed="1">
  <reporter-output>
  </reporter-output>
  <suite name="Default suite" duration-ms="36538" started-at="2018-12-02T23:34:51Z" finished-at="2018-12-02T23:35:27Z">
    <groups>
    </groups>
    <test name="Default test" duration-ms="36538" started-at="2018-12-02T23:34:51Z" finished-at="2018-12-02T23:35:27Z">
      <class name="Flow_E2E.Assignment">
        <test-method status="PASS" signature="initialize()[pri:0, instance:Flow_E2E.Assignment@4d3167f4]" name="initialize" is-config="true" duration-ms="7622" started-at="2018-12-02T23:34:51Z" finished-at="2018-12-02T23:34:59Z">
          <reporter-output>
          </reporter-output>
        </test-method> <!-- initialize -->
        <test-method status="PASS" signature="Excercise()[pri:0, instance:Flow_E2E.Assignment@4d3167f4]" name="Excercise" duration-ms="28284" started-at="2018-12-02T23:34:59Z" finished-at="2018-12-02T23:35:27Z">
          <reporter-output>
          </reporter-output>
        </test-method> <!-- Excercise -->
        <test-method status="PASS" signature="aftertest()[pri:0, instance:Flow_E2E.Assignment@4d3167f4]" name="aftertest" is-config="true" duration-ms="588" started-at="2018-12-02T23:35:27Z" finished-at="2018-12-02T23:35:27Z">
          <reporter-output>
          </reporter-output>
        </test-method> <!-- aftertest -->
      </class> <!-- Flow_E2E.Assignment -->
    </test> <!-- Default test -->
  </suite> <!-- Default suite -->
</testng-results>
